{"D:\\React. Component\\React.-Components\\src\\App.tsx": {"path":"D:\\React. Component\\React.-Components\\src\\App.tsx","statementMap":{"0":{"start":{"line":2,"column":0},"end":{"line":2,"column":null}},"1":{"start":{"line":8,"column":0},"end":{"line":8,"column":36}},"2":{"start":{"line":9,"column":0},"end":{"line":9,"column":44}},"3":{"start":{"line":10,"column":0},"end":{"line":10,"column":42}},"4":{"start":{"line":12,"column":15},"end":{"line":19,"column":null}},"5":{"start":{"line":22,"column":22},"end":{"line":24,"column":1}},"6":{"start":{"line":23,"column":2},"end":{"line":23,"column":44}},"7":{"start":{"line":26,"column":0},"end":{"line":26,"column":19}}},"fnMap":{"0":{"name":"(anonymous_1)","decl":{"start":{"line":22,"column":22},"end":{"line":22,"column":25}},"loc":{"start":{"line":22,"column":27},"end":{"line":24,"column":1}}}},"branchMap":{},"s":{"0":1,"1":1,"2":1,"3":1,"4":1,"5":1,"6":1,"7":1},"f":{"0":1},"b":{}}
,"D:\\React. Component\\React.-Components\\src\\Components\\Pagination.tsx": {"path":"D:\\React. Component\\React.-Components\\src\\Components\\Pagination.tsx","statementMap":{"0":{"start":{"line":9,"column":46},"end":{"line":48,"column":1}},"1":{"start":{"line":14,"column":25},"end":{"line":16,"column":3}},"2":{"start":{"line":15,"column":4},"end":{"line":15,"column":34}},"3":{"start":{"line":18,"column":25},"end":{"line":22,"column":3}},"4":{"start":{"line":19,"column":4},"end":{"line":21,"column":null}},"5":{"start":{"line":20,"column":6},"end":{"line":20,"column":36}},"6":{"start":{"line":24,"column":35},"end":{"line":29,"column":3}},"7":{"start":{"line":27,"column":25},"end":{"line":27,"column":51}},"8":{"start":{"line":28,"column":4},"end":{"line":28,"column":39}},"9":{"start":{"line":31,"column":2},"end":{"line":47,"column":4}},"10":{"start":{"line":50,"column":0},"end":{"line":50,"column":26}}},"fnMap":{"0":{"name":"(anonymous_0)","decl":{"start":{"line":9,"column":46},"end":{"line":9,"column":47}},"loc":{"start":{"line":13,"column":5},"end":{"line":48,"column":1}}},"1":{"name":"(anonymous_1)","decl":{"start":{"line":14,"column":25},"end":{"line":14,"column":28}},"loc":{"start":{"line":14,"column":30},"end":{"line":16,"column":3}}},"2":{"name":"(anonymous_2)","decl":{"start":{"line":18,"column":25},"end":{"line":18,"column":28}},"loc":{"start":{"line":18,"column":30},"end":{"line":22,"column":3}}},"3":{"name":"(anonymous_3)","decl":{"start":{"line":24,"column":35},"end":{"line":24,"column":null}},"loc":{"start":{"line":26,"column":6},"end":{"line":29,"column":3}}}},"branchMap":{"0":{"loc":{"start":{"line":19,"column":4},"end":{"line":21,"column":null}},"type":"if","locations":[{"start":{"line":19,"column":4},"end":{"line":21,"column":null}}]}},"s":{"0":3,"1":16,"2":1,"3":16,"4":1,"5":1,"6":16,"7":1,"8":1,"9":16,"10":3},"f":{"0":16,"1":1,"2":1,"3":1},"b":{"0":[1]}}
,"D:\\React. Component\\React.-Components\\src\\Components\\SearchBar.tsx": {"path":"D:\\React. Component\\React.-Components\\src\\Components\\SearchBar.tsx","statementMap":{"0":{"start":{"line":1,"column":0},"end":{"line":1,"column":42}},"1":{"start":{"line":2,"column":0},"end":{"line":2,"column":63}},"2":{"start":{"line":10,"column":44},"end":{"line":28,"column":1}},"3":{"start":{"line":15,"column":21},"end":{"line":15,"column":50}},"4":{"start":{"line":16,"column":2},"end":{"line":27,"column":4}},"5":{"start":{"line":22,"column":25},"end":{"line":22,"column":62}},"6":{"start":{"line":30,"column":0},"end":{"line":30,"column":25}}},"fnMap":{"0":{"name":"(anonymous_1)","decl":{"start":{"line":10,"column":44},"end":{"line":10,"column":45}},"loc":{"start":{"line":14,"column":5},"end":{"line":28,"column":1}}},"1":{"name":"(anonymous_2)","decl":{"start":{"line":22,"column":18},"end":{"line":22,"column":19}},"loc":{"start":{"line":22,"column":25},"end":{"line":22,"column":62}}}},"branchMap":{},"s":{"0":3,"1":3,"2":3,"3":16,"4":16,"5":1,"6":3},"f":{"0":16,"1":1},"b":{}}
,"D:\\React. Component\\React.-Components\\src\\Components\\SearchResults.tsx": {"path":"D:\\React. Component\\React.-Components\\src\\Components\\SearchResults.tsx","statementMap":{"0":{"start":{"line":1,"column":0},"end":{"line":1,"column":42}},"1":{"start":{"line":2,"column":0},"end":{"line":2,"column":47}},"2":{"start":{"line":3,"column":0},"end":{"line":3,"column":55}},"3":{"start":{"line":11,"column":52},"end":{"line":50,"column":1}},"4":{"start":{"line":12,"column":19},"end":{"line":12,"column":32}},"5":{"start":{"line":13,"column":24},"end":{"line":13,"column":49}},"6":{"start":{"line":14,"column":25},"end":{"line":16,"column":3}},"7":{"start":{"line":15,"column":4},"end":{"line":15,"column":57}},"8":{"start":{"line":17,"column":2},"end":{"line":49,"column":4}},"9":{"start":{"line":26,"column":12},"end":{"line":27,"column":null}},"10":{"start":{"line":39,"column":39},"end":{"line":39,"column":65}},"11":{"start":{"line":52,"column":0},"end":{"line":52,"column":29}}},"fnMap":{"0":{"name":"(anonymous_1)","decl":{"start":{"line":11,"column":52},"end":{"line":11,"column":53}},"loc":{"start":{"line":11,"column":77},"end":{"line":50,"column":1}}},"1":{"name":"(anonymous_2)","decl":{"start":{"line":14,"column":25},"end":{"line":14,"column":26}},"loc":{"start":{"line":14,"column":41},"end":{"line":16,"column":3}}},"2":{"name":"(anonymous_3)","decl":{"start":{"line":25,"column":29},"end":{"line":25,"column":30}},"loc":{"start":{"line":26,"column":12},"end":{"line":27,"column":null}}},"3":{"name":"(anonymous_4)","decl":{"start":{"line":39,"column":33},"end":{"line":39,"column":36}},"loc":{"start":{"line":39,"column":39},"end":{"line":39,"column":65}}}},"branchMap":{"0":{"loc":{"start":{"line":19,"column":7},"end":{"line":46,"column":null}},"type":"cond-expr","locations":[{"start":{"line":20,"column":8},"end":{"line":20,"column":59}},{"start":{"line":21,"column":10},"end":{"line":46,"column":null}}]},"1":{"loc":{"start":{"line":21,"column":10},"end":{"line":46,"column":null}},"type":"cond-expr","locations":[{"start":{"line":22,"column":8},"end":{"line":22,"column":59}},{"start":{"line":24,"column":8},"end":{"line":45,"column":null}}]}},"s":{"0":3,"1":3,"2":3,"3":3,"4":15,"5":15,"6":15,"7":0,"8":15,"9":0,"10":0,"11":3},"f":{"0":15,"1":0,"2":0,"3":0},"b":{"0":[6,9],"1":[5,4]}}
,"D:\\React. Component\\React.-Components\\src\\ContexApi\\ResultContext.tsx": {"path":"D:\\React. Component\\React.-Components\\src\\ContexApi\\ResultContext.tsx","statementMap":{"0":{"start":{"line":1,"column":0},"end":{"line":1,"column":38}},"1":{"start":{"line":4,"column":22},"end":{"line":4,"column":57}},"2":{"start":{"line":6,"column":0},"end":{"line":6,"column":29}}},"fnMap":{},"branchMap":{},"s":{"0":3,"1":3,"2":3},"f":{},"b":{}}
,"D:\\React. Component\\React.-Components\\src\\ContexApi\\SearchTermContext.tsx": {"path":"D:\\React. Component\\React.-Components\\src\\ContexApi\\SearchTermContext.tsx","statementMap":{"0":{"start":{"line":1,"column":0},"end":{"line":1,"column":38}},"1":{"start":{"line":3,"column":26},"end":{"line":3,"column":43}},"2":{"start":{"line":5,"column":0},"end":{"line":5,"column":33}}},"fnMap":{},"branchMap":{},"s":{"0":3,"1":3,"2":3},"f":{},"b":{}}
,"D:\\React. Component\\React.-Components\\src\\Pages\\Detail.tsx": {"path":"D:\\React. Component\\React.-Components\\src\\Pages\\Detail.tsx","statementMap":{"0":{"start":{"line":1,"column":0},"end":{"line":1,"column":64}},"1":{"start":{"line":2,"column":0},"end":{"line":2,"column":58}},"2":{"start":{"line":3,"column":0},"end":{"line":3,"column":44}},"3":{"start":{"line":6,"column":25},"end":{"line":71,"column":1}},"4":{"start":{"line":7,"column":17},"end":{"line":7,"column":28}},"5":{"start":{"line":8,"column":19},"end":{"line":8,"column":32}},"6":{"start":{"line":10,"column":36},"end":{"line":10,"column":60}},"7":{"start":{"line":11,"column":28},"end":{"line":11,"column":57}},"8":{"start":{"line":12,"column":46},"end":{"line":13,"column":null}},"9":{"start":{"line":16,"column":26},"end":{"line":26,"column":10}},"10":{"start":{"line":17,"column":4},"end":{"line":17,"column":23}},"11":{"start":{"line":18,"column":4},"end":{"line":25,"column":null}},"12":{"start":{"line":19,"column":23},"end":{"line":19,"column":44}},"13":{"start":{"line":20,"column":6},"end":{"line":20,"column":34}},"14":{"start":{"line":22,"column":6},"end":{"line":22,"column":36}},"15":{"start":{"line":24,"column":6},"end":{"line":24,"column":26}},"16":{"start":{"line":27,"column":2},"end":{"line":29,"column":24}},"17":{"start":{"line":28,"column":4},"end":{"line":28,"column":22}},"18":{"start":{"line":30,"column":22},"end":{"line":34,"column":3}},"19":{"start":{"line":31,"column":4},"end":{"line":31,"column":28}},"20":{"start":{"line":33,"column":4},"end":{"line":33,"column":17}},"21":{"start":{"line":36,"column":22},"end":{"line":42,"column":3}},"22":{"start":{"line":37,"column":24},"end":{"line":37,"column":51}},"23":{"start":{"line":39,"column":4},"end":{"line":41,"column":null}},"24":{"start":{"line":40,"column":6},"end":{"line":40,"column":20}},"25":{"start":{"line":44,"column":2},"end":{"line":70,"column":4}},"26":{"start":{"line":46,"column":22},"end":{"line":46,"column":36}},"27":{"start":{"line":73,"column":0},"end":{"line":73,"column":22}}},"fnMap":{"0":{"name":"(anonymous_0)","decl":{"start":{"line":6,"column":25},"end":{"line":6,"column":28}},"loc":{"start":{"line":6,"column":30},"end":{"line":71,"column":1}}},"1":{"name":"(anonymous_1)","decl":{"start":{"line":16,"column":38},"end":{"line":16,"column":43}},"loc":{"start":{"line":16,"column":49},"end":{"line":26,"column":3}}},"2":{"name":"(anonymous_2)","decl":{"start":{"line":27,"column":12},"end":{"line":27,"column":15}},"loc":{"start":{"line":27,"column":17},"end":{"line":29,"column":3}}},"3":{"name":"(anonymous_3)","decl":{"start":{"line":30,"column":22},"end":{"line":30,"column":25}},"loc":{"start":{"line":30,"column":27},"end":{"line":34,"column":3}}},"4":{"name":"(anonymous_4)","decl":{"start":{"line":36,"column":22},"end":{"line":36,"column":23}},"loc":{"start":{"line":36,"column":78},"end":{"line":42,"column":3}}},"5":{"name":"(anonymous_5)","decl":{"start":{"line":46,"column":15},"end":{"line":46,"column":16}},"loc":{"start":{"line":46,"column":22},"end":{"line":46,"column":36}}}},"branchMap":{"0":{"loc":{"start":{"line":39,"column":4},"end":{"line":41,"column":null}},"type":"if","locations":[{"start":{"line":39,"column":4},"end":{"line":41,"column":null}}]},"1":{"loc":{"start":{"line":51,"column":9},"end":{"line":66,"column":null}},"type":"cond-expr","locations":[{"start":{"line":52,"column":10},"end":{"line":52,"column":61}},{"start":{"line":53,"column":12},"end":{"line":66,"column":null}}]},"2":{"loc":{"start":{"line":53,"column":12},"end":{"line":66,"column":null}},"type":"cond-expr","locations":[{"start":{"line":54,"column":10},"end":{"line":55,"column":null}},{"start":{"line":58,"column":10},"end":{"line":65,"column":null}}]},"3":{"loc":{"start":{"line":58,"column":10},"end":{"line":65,"column":null}},"type":"binary-expr","locations":[{"start":{"line":58,"column":10},"end":{"line":58,"column":24}},{"start":{"line":59,"column":12},"end":{"line":64,"column":null}}]}},"s":{"0":2,"1":2,"2":2,"3":2,"4":6,"5":6,"6":6,"7":6,"8":6,"9":6,"10":2,"11":2,"12":2,"13":1,"14":1,"15":2,"16":6,"17":2,"18":6,"19":0,"20":0,"21":6,"22":0,"23":0,"24":0,"25":6,"26":0,"27":2},"f":{"0":6,"1":2,"2":2,"3":0,"4":0,"5":0},"b":{"0":[0],"1":[2,4],"2":[1,3],"3":[3,1]}}
,"D:\\React. Component\\React.-Components\\src\\Pages\\RootLayout.tsx": {"path":"D:\\React. Component\\React.-Components\\src\\Pages\\RootLayout.tsx","statementMap":{"0":{"start":{"line":1,"column":0},"end":{"line":1,"column":42}},"1":{"start":{"line":3,"column":19},"end":{"line":15,"column":1}},"2":{"start":{"line":4,"column":2},"end":{"line":14,"column":4}},"3":{"start":{"line":17,"column":0},"end":{"line":17,"column":26}}},"fnMap":{"0":{"name":"(anonymous_0)","decl":{"start":{"line":3,"column":19},"end":{"line":3,"column":22}},"loc":{"start":{"line":3,"column":24},"end":{"line":15,"column":1}}}},"branchMap":{},"s":{"0":1,"1":1,"2":1,"3":1},"f":{"0":1},"b":{}}
,"D:\\React. Component\\React.-Components\\src\\Pages\\SearchApp.tsx": {"path":"D:\\React. Component\\React.-Components\\src\\Pages\\SearchApp.tsx","statementMap":{"0":{"start":{"line":1,"column":0},"end":{"line":1,"column":51}},"1":{"start":{"line":2,"column":0},"end":{"line":2,"column":48}},"2":{"start":{"line":3,"column":0},"end":{"line":3,"column":56}},"3":{"start":{"line":4,"column":0},"end":{"line":4,"column":50}},"4":{"start":{"line":5,"column":0},"end":{"line":5,"column":50}},"5":{"start":{"line":7,"column":0},"end":{"line":7,"column":66}},"6":{"start":{"line":8,"column":0},"end":{"line":8,"column":55}},"7":{"start":{"line":9,"column":0},"end":{"line":9,"column":63}},"8":{"start":{"line":11,"column":28},"end":{"line":114,"column":1}},"9":{"start":{"line":12,"column":19},"end":{"line":12,"column":32}},"10":{"start":{"line":13,"column":17},"end":{"line":13,"column":28}},"11":{"start":{"line":14,"column":38},"end":{"line":14,"column":50}},"12":{"start":{"line":15,"column":44},"end":{"line":15,"column":72}},"13":{"start":{"line":16,"column":28},"end":{"line":16,"column":57}},"14":{"start":{"line":17,"column":36},"end":{"line":17,"column":60}},"15":{"start":{"line":18,"column":40},"end":{"line":18,"column":62}},"16":{"start":{"line":19,"column":42},"end":{"line":19,"column":62}},"17":{"start":{"line":21,"column":2},"end":{"line":26,"column":9}},"18":{"start":{"line":22,"column":23},"end":{"line":22,"column":58}},"19":{"start":{"line":23,"column":4},"end":{"line":25,"column":null}},"20":{"start":{"line":24,"column":6},"end":{"line":24,"column":32}},"21":{"start":{"line":28,"column":2},"end":{"line":32,"column":20}},"22":{"start":{"line":29,"column":4},"end":{"line":29,"column":44}},"23":{"start":{"line":34,"column":2},"end":{"line":38,"column":21}},"24":{"start":{"line":35,"column":4},"end":{"line":35,"column":44}},"25":{"start":{"line":40,"column":25},"end":{"line":71,"column":3}},"26":{"start":{"line":41,"column":4},"end":{"line":41,"column":23}},"27":{"start":{"line":43,"column":4},"end":{"line":70,"column":null}},"28":{"start":{"line":44,"column":36},"end":{"line":44,"column":38}},"29":{"start":{"line":45,"column":31},"end":{"line":45,"column":35}},"30":{"start":{"line":47,"column":6},"end":{"line":61,"column":null}},"31":{"start":{"line":49,"column":10},"end":{"line":49,"column":50}},"32":{"start":{"line":51,"column":8},"end":{"line":53,"column":null}},"33":{"start":{"line":52,"column":10},"end":{"line":52,"column":16}},"34":{"start":{"line":55,"column":8},"end":{"line":55,"column":51}},"35":{"start":{"line":56,"column":8},"end":{"line":56,"column":21}},"36":{"start":{"line":58,"column":8},"end":{"line":60,"column":null}},"37":{"start":{"line":59,"column":10},"end":{"line":59,"column":16}},"38":{"start":{"line":63,"column":6},"end":{"line":63,"column":55}},"39":{"start":{"line":64,"column":6},"end":{"line":64,"column":21}},"40":{"start":{"line":66,"column":6},"end":{"line":66,"column":36}},"41":{"start":{"line":67,"column":6},"end":{"line":67,"column":27}},"42":{"start":{"line":69,"column":6},"end":{"line":69,"column":26}},"43":{"start":{"line":73,"column":23},"end":{"line":76,"column":3}},"44":{"start":{"line":74,"column":4},"end":{"line":74,"column":44}},"45":{"start":{"line":75,"column":4},"end":{"line":75,"column":52}},"46":{"start":{"line":78,"column":27},"end":{"line":81,"column":3}},"47":{"start":{"line":79,"column":4},"end":{"line":79,"column":30}},"48":{"start":{"line":80,"column":4},"end":{"line":80,"column":25}},"49":{"start":{"line":83,"column":35},"end":{"line":85,"column":3}},"50":{"start":{"line":84,"column":4},"end":{"line":84,"column":37}},"51":{"start":{"line":87,"column":21},"end":{"line":89,"column":3}},"52":{"start":{"line":88,"column":4},"end":{"line":88,"column":36}},"53":{"start":{"line":91,"column":2},"end":{"line":113,"column":4}},"54":{"start":{"line":97,"column":45},"end":{"line":97,"column":65}},"55":{"start":{"line":116,"column":0},"end":{"line":116,"column":25}}},"fnMap":{"0":{"name":"(anonymous_1)","decl":{"start":{"line":11,"column":28},"end":{"line":11,"column":31}},"loc":{"start":{"line":11,"column":33},"end":{"line":114,"column":1}}},"1":{"name":"(anonymous_2)","decl":{"start":{"line":21,"column":12},"end":{"line":21,"column":15}},"loc":{"start":{"line":21,"column":17},"end":{"line":26,"column":3}}},"2":{"name":"(anonymous_3)","decl":{"start":{"line":28,"column":12},"end":{"line":28,"column":15}},"loc":{"start":{"line":28,"column":17},"end":{"line":32,"column":3}}},"3":{"name":"(anonymous_4)","decl":{"start":{"line":34,"column":12},"end":{"line":34,"column":15}},"loc":{"start":{"line":34,"column":17},"end":{"line":38,"column":3}}},"4":{"name":"(anonymous_5)","decl":{"start":{"line":40,"column":25},"end":{"line":40,"column":30}},"loc":{"start":{"line":40,"column":62},"end":{"line":71,"column":3}}},"5":{"name":"(anonymous_6)","decl":{"start":{"line":73,"column":23},"end":{"line":73,"column":26}},"loc":{"start":{"line":73,"column":28},"end":{"line":76,"column":3}}},"6":{"name":"(anonymous_7)","decl":{"start":{"line":78,"column":27},"end":{"line":78,"column":28}},"loc":{"start":{"line":78,"column":44},"end":{"line":81,"column":3}}},"7":{"name":"(anonymous_8)","decl":{"start":{"line":83,"column":35},"end":{"line":83,"column":36}},"loc":{"start":{"line":83,"column":63},"end":{"line":85,"column":3}}},"8":{"name":"(anonymous_9)","decl":{"start":{"line":87,"column":21},"end":{"line":87,"column":24}},"loc":{"start":{"line":87,"column":26},"end":{"line":89,"column":3}}},"9":{"name":"(anonymous_10)","decl":{"start":{"line":97,"column":26},"end":{"line":97,"column":27}},"loc":{"start":{"line":97,"column":45},"end":{"line":97,"column":65}}}},"branchMap":{"0":{"loc":{"start":{"line":23,"column":4},"end":{"line":25,"column":null}},"type":"if","locations":[{"start":{"line":23,"column":4},"end":{"line":25,"column":null}}]},"1":{"loc":{"start":{"line":51,"column":8},"end":{"line":53,"column":null}},"type":"if","locations":[{"start":{"line":51,"column":8},"end":{"line":53,"column":null}}]},"2":{"loc":{"start":{"line":51,"column":12},"end":{"line":51,"column":60}},"type":"binary-expr","locations":[{"start":{"line":51,"column":12},"end":{"line":51,"column":28}},{"start":{"line":51,"column":32},"end":{"line":51,"column":60}}]},"3":{"loc":{"start":{"line":58,"column":8},"end":{"line":60,"column":null}},"type":"if","locations":[{"start":{"line":58,"column":8},"end":{"line":60,"column":null}}]},"4":{"loc":{"start":{"line":58,"column":12},"end":{"line":58,"column":63}},"type":"binary-expr","locations":[{"start":{"line":58,"column":12},"end":{"line":58,"column":29}},{"start":{"line":58,"column":33},"end":{"line":58,"column":63}}]}},"s":{"0":2,"1":2,"2":2,"3":2,"4":2,"5":2,"6":2,"7":2,"8":2,"9":12,"10":12,"11":12,"12":12,"13":12,"14":12,"15":12,"16":12,"17":12,"18":4,"19":4,"20":0,"21":12,"22":4,"23":12,"24":4,"25":12,"26":8,"27":8,"28":8,"29":8,"30":8,"31":8,"32":0,"33":0,"34":0,"35":0,"36":0,"37":0,"38":0,"39":0,"40":8,"41":8,"42":8,"43":12,"44":0,"45":0,"46":12,"47":0,"48":0,"49":12,"50":0,"51":12,"52":0,"53":12,"54":0,"55":2},"f":{"0":12,"1":4,"2":4,"3":4,"4":8,"5":0,"6":0,"7":0,"8":0,"9":0},"b":{"0":[0],"1":[0],"2":[0,0],"3":[0],"4":[0,0]}}
,"D:\\React. Component\\React.-Components\\src\\api\\request.ts": {"path":"D:\\React. Component\\React.-Components\\src\\api\\request.ts","statementMap":{"0":{"start":{"line":3,"column":32},"end":{"line":23,"column":1}},"1":{"start":{"line":7,"column":32},"end":{"line":7,"column":36}},"2":{"start":{"line":9,"column":19},"end":{"line":10,"column":null}},"3":{"start":{"line":13,"column":2},"end":{"line":15,"column":null}},"4":{"start":{"line":14,"column":4},"end":{"line":14,"column":44}},"5":{"start":{"line":17,"column":15},"end":{"line":17,"column":36}},"6":{"start":{"line":18,"column":34},"end":{"line":18,"column":46}},"7":{"start":{"line":20,"column":2},"end":{"line":20,"column":23}},"8":{"start":{"line":22,"column":2},"end":{"line":22,"column":31}},"9":{"start":{"line":3,"column":13},"end":{"line":3,"column":32}},"10":{"start":{"line":25,"column":26},"end":{"line":36,"column":1}},"11":{"start":{"line":26,"column":2},"end":{"line":35,"column":null}},"12":{"start":{"line":27,"column":21},"end":{"line":27,"column":70}},"13":{"start":{"line":28,"column":4},"end":{"line":30,"column":null}},"14":{"start":{"line":29,"column":6},"end":{"line":29,"column":49}},"15":{"start":{"line":31,"column":17},"end":{"line":31,"column":38}},"16":{"start":{"line":32,"column":4},"end":{"line":32,"column":16}},"17":{"start":{"line":34,"column":4},"end":{"line":34,"column":64}},"18":{"start":{"line":25,"column":13},"end":{"line":25,"column":26}}},"fnMap":{"0":{"name":"(anonymous_0)","decl":{"start":{"line":3,"column":32},"end":{"line":3,"column":37}},"loc":{"start":{"line":6,"column":67},"end":{"line":23,"column":1}}},"1":{"name":"(anonymous_1)","decl":{"start":{"line":25,"column":26},"end":{"line":25,"column":31}},"loc":{"start":{"line":25,"column":70},"end":{"line":36,"column":1}}}},"branchMap":{"0":{"loc":{"start":{"line":13,"column":2},"end":{"line":15,"column":null}},"type":"if","locations":[{"start":{"line":13,"column":2},"end":{"line":15,"column":null}}]},"1":{"loc":{"start":{"line":28,"column":4},"end":{"line":30,"column":null}},"type":"if","locations":[{"start":{"line":28,"column":4},"end":{"line":30,"column":null}}]}},"s":{"0":4,"1":10,"2":10,"3":1,"4":0,"5":1,"6":1,"7":1,"8":1,"9":4,"10":4,"11":2,"12":2,"13":1,"14":0,"15":1,"16":1,"17":1,"18":4},"f":{"0":10,"1":2},"b":{"0":[0],"1":[0]}}
,"D:\\React. Component\\React.-Components\\src\\tests\\mocks\\cards.ts": {"path":"D:\\React. Component\\React.-Components\\src\\tests\\mocks\\cards.ts","statementMap":{"0":{"start":{"line":3,"column":13},"end":{"line":114,"column":2}}},"fnMap":{},"branchMap":{},"s":{"0":2},"f":{},"b":{}}
}
