TN:
SF:src\App.tsx
FN:22,(anonymous_1)
FNF:1
FNH:1
FNDA:1,(anonymous_1)
DA:2,1
DA:8,1
DA:9,1
DA:10,1
DA:12,1
DA:22,1
DA:23,1
DA:26,1
LF:8
LH:8
BRF:0
BRH:0
end_of_record
TN:
SF:src\Components\Pagination.tsx
FN:9,(anonymous_0)
FN:14,(anonymous_1)
FN:18,(anonymous_2)
FN:24,(anonymous_3)
FNF:4
FNH:4
FNDA:16,(anonymous_0)
FNDA:1,(anonymous_1)
FNDA:1,(anonymous_2)
FNDA:1,(anonymous_3)
DA:9,3
DA:14,16
DA:15,1
DA:18,16
DA:19,1
DA:20,1
DA:24,16
DA:27,1
DA:28,1
DA:31,16
DA:50,3
LF:11
LH:11
BRDA:19,0,0,1
BRF:1
BRH:1
end_of_record
TN:
SF:src\Components\SearchBar.tsx
FN:10,(anonymous_1)
FN:22,(anonymous_2)
FNF:2
FNH:2
FNDA:16,(anonymous_1)
FNDA:1,(anonymous_2)
DA:1,3
DA:2,3
DA:10,3
DA:15,16
DA:16,16
DA:22,1
DA:30,3
LF:7
LH:7
BRF:0
BRH:0
end_of_record
TN:
SF:src\Components\SearchResults.tsx
FN:11,(anonymous_1)
FN:14,(anonymous_2)
FN:25,(anonymous_3)
FN:39,(anonymous_4)
FNF:4
FNH:1
FNDA:15,(anonymous_1)
FNDA:0,(anonymous_2)
FNDA:0,(anonymous_3)
FNDA:0,(anonymous_4)
DA:1,3
DA:2,3
DA:3,3
DA:11,3
DA:12,15
DA:13,15
DA:14,15
DA:15,0
DA:17,15
DA:26,0
DA:39,0
DA:52,3
LF:12
LH:9
BRDA:19,0,0,6
BRDA:19,0,1,9
BRDA:21,1,0,5
BRDA:21,1,1,4
BRF:4
BRH:4
end_of_record
TN:
SF:src\ContexApi\ResultContext.tsx
FNF:0
FNH:0
DA:1,3
DA:4,3
DA:6,3
LF:3
LH:3
BRF:0
BRH:0
end_of_record
TN:
SF:src\ContexApi\SearchTermContext.tsx
FNF:0
FNH:0
DA:1,3
DA:3,3
DA:5,3
LF:3
LH:3
BRF:0
BRH:0
end_of_record
TN:
SF:src\Pages\Detail.tsx
FN:6,(anonymous_0)
FN:16,(anonymous_1)
FN:27,(anonymous_2)
FN:30,(anonymous_3)
FN:36,(anonymous_4)
FN:46,(anonymous_5)
FNF:6
FNH:3
FNDA:6,(anonymous_0)
FNDA:2,(anonymous_1)
FNDA:2,(anonymous_2)
FNDA:0,(anonymous_3)
FNDA:0,(anonymous_4)
FNDA:0,(anonymous_5)
DA:1,2
DA:2,2
DA:3,2
DA:6,2
DA:7,6
DA:8,6
DA:10,6
DA:11,6
DA:12,6
DA:16,6
DA:17,2
DA:18,2
DA:19,2
DA:20,1
DA:22,1
DA:24,2
DA:27,6
DA:28,2
DA:30,6
DA:31,0
DA:33,0
DA:36,6
DA:37,0
DA:39,0
DA:40,0
DA:44,6
DA:46,0
DA:73,2
LF:28
LH:22
BRDA:39,0,0,0
BRDA:51,1,0,2
BRDA:51,1,1,4
BRDA:53,2,0,1
BRDA:53,2,1,3
BRDA:58,3,0,3
BRDA:58,3,1,1
BRF:7
BRH:6
end_of_record
TN:
SF:src\Pages\RootLayout.tsx
FN:3,(anonymous_0)
FNF:1
FNH:1
FNDA:1,(anonymous_0)
DA:1,1
DA:3,1
DA:4,1
DA:17,1
LF:4
LH:4
BRF:0
BRH:0
end_of_record
TN:
SF:src\Pages\SearchApp.tsx
FN:11,(anonymous_1)
FN:21,(anonymous_2)
FN:28,(anonymous_3)
FN:34,(anonymous_4)
FN:40,(anonymous_5)
FN:73,(anonymous_6)
FN:78,(anonymous_7)
FN:83,(anonymous_8)
FN:87,(anonymous_9)
FN:97,(anonymous_10)
FNF:10
FNH:5
FNDA:12,(anonymous_1)
FNDA:4,(anonymous_2)
FNDA:4,(anonymous_3)
FNDA:4,(anonymous_4)
FNDA:8,(anonymous_5)
FNDA:0,(anonymous_6)
FNDA:0,(anonymous_7)
FNDA:0,(anonymous_8)
FNDA:0,(anonymous_9)
FNDA:0,(anonymous_10)
DA:1,2
DA:2,2
DA:3,2
DA:4,2
DA:5,2
DA:7,2
DA:8,2
DA:9,2
DA:11,2
DA:12,12
DA:13,12
DA:14,12
DA:15,12
DA:16,12
DA:17,12
DA:18,12
DA:19,12
DA:21,12
DA:22,4
DA:23,4
DA:24,0
DA:28,12
DA:29,4
DA:34,12
DA:35,4
DA:40,12
DA:41,8
DA:43,8
DA:44,8
DA:45,8
DA:47,8
DA:49,8
DA:51,0
DA:52,0
DA:55,0
DA:56,0
DA:58,0
DA:59,0
DA:63,0
DA:64,0
DA:66,8
DA:67,8
DA:69,8
DA:73,12
DA:74,0
DA:75,0
DA:78,12
DA:79,0
DA:80,0
DA:83,12
DA:84,0
DA:87,12
DA:88,0
DA:91,12
DA:97,0
DA:116,2
LF:56
LH:40
BRDA:23,0,0,0
BRDA:51,1,0,0
BRDA:51,2,0,0
BRDA:51,2,1,0
BRDA:58,3,0,0
BRDA:58,4,0,0
BRDA:58,4,1,0
BRF:7
BRH:0
end_of_record
TN:
SF:src\api\request.ts
FN:3,(anonymous_0)
FN:25,(anonymous_1)
FNF:2
FNH:2
FNDA:10,(anonymous_0)
FNDA:2,(anonymous_1)
DA:3,4
DA:7,10
DA:9,10
DA:13,1
DA:14,0
DA:17,1
DA:18,1
DA:20,1
DA:22,1
DA:25,4
DA:26,2
DA:27,2
DA:28,1
DA:29,0
DA:31,1
DA:32,1
DA:34,1
LF:17
LH:15
BRDA:13,0,0,0
BRDA:28,1,0,0
BRF:2
BRH:0
end_of_record
TN:
SF:src\tests\mocks\cards.ts
FNF:0
FNH:0
DA:3,2
LF:1
LH:1
BRF:0
BRH:0
end_of_record
